<?xml version="1.0" encoding="UTF-8"?>
<testsuite xmlns:xsi="http://www.w3.org/2001/XMLSchema-instance" xsi:noNamespaceSchemaLocation="https://maven.apache.org/surefire/maven-surefire-plugin/xsd/surefire-test-report.xsd" version="3.0.2" name="com.finsightai.web.configuration.SecurityConfigurationTest" time="7.945" tests="4" errors="0" skipped="0" failures="0">
  <properties>
[...]
</properties>
  <testcase name="protectedEndpointAllowsRequestWithValidToken" classname="com.finsightai.web.configuration.SecurityConfigurationTest" time="0.814">
    <system-out><![CDATA[Standard Commons Logging discovery in action with spring-jcl: please remove commons-logging.jar from classpath in order to avoid potential conflicts
18:12:39.857 [main] INFO org.springframework.test.context.support.AnnotationConfigContextLoaderUtils -- Could not detect default configuration classes for test class [com.finsightai.web.configuration.SecurityConfigurationTest]: SecurityConfigurationTest does not declare any static, non-private, non-final, nested classes annotated with @Configuration.
18:12:40.051 [main] INFO org.springframework.boot.test.context.SpringBootTestContextBootstrapper -- Found @SpringBootConfiguration com.finsightai.Application for test class com.finsightai.web.configuration.SecurityConfigurationTest
18:12:40.213 [main] INFO org.springframework.boot.devtools.restart.RestartApplicationListener -- Restart disabled due to context in which it is running

  .   ____          _            __ _ _
 /\\ / ___'_ __ _ _(_)_ __  __ _ \ \ \ \
( ( )\___ | '_ | '_| | '_ \/ _` | \ \ \ \
 \\/  ___)| |_)| | | | | || (_| |  ) ) ) )
  '  |____| .__|_| |_|_| |_\__, | / / / /
 =========|_|==============|___/=/_/_/_/

 :: Spring Boot ::               (v3.5.11)

2026-05-14T18:12:40.545+03:00  INFO 18320 --- [           main] c.f.w.c.SecurityConfigurationTest        : Starting SecurityConfigurationTest using Java 21.0.10 with PID 18320 (started by ifunt in D:\Programing\FinSightAI\backend)
2026-05-14T18:12:40.547+03:00  INFO 18320 --- [           main] c.f.w.c.SecurityConfigurationTest        : No active profile set, falling back to 1 default profile: "default"
2026-05-14T18:12:41.760+03:00  INFO 18320 --- [           main] .s.d.r.c.RepositoryConfigurationDelegate : Bootstrapping Spring Data JPA repositories in DEFAULT mode.
2026-05-14T18:12:41.889+03:00  INFO 18320 --- [           main] .s.d.r.c.RepositoryConfigurationDelegate : Finished Spring Data repository scanning in 115 ms. Found 4 JPA repository interfaces.
2026-05-14T18:12:42.754+03:00  INFO 18320 --- [           main] o.hibernate.jpa.internal.util.LogHelper  : HHH000204: Processing PersistenceUnitInfo [name: default]
2026-05-14T18:12:42.834+03:00  INFO 18320 --- [           main] org.hibernate.Version                    : HHH000412: Hibernate ORM core version 6.6.42.Final
2026-05-14T18:12:42.882+03:00  INFO 18320 --- [           main] o.h.c.internal.RegionFactoryInitiator    : HHH000026: Second-level cache disabled
2026-05-14T18:12:43.331+03:00  INFO 18320 --- [           main] o.s.o.j.p.SpringPersistenceUnitInfo      : No LoadTimeWeaver setup: ignoring JPA class transformer
2026-05-14T18:12:43.372+03:00  INFO 18320 --- [           main] com.zaxxer.hikari.HikariDataSource       : HikariPool-1 - Starting...
2026-05-14T18:12:43.701+03:00  INFO 18320 --- [           main] com.zaxxer.hikari.pool.HikariPool        : HikariPool-1 - Added connection conn0: url=jdbc:h2:file:./data/finsight-db user=SA
2026-05-14T18:12:43.703+03:00  INFO 18320 --- [           main] com.zaxxer.hikari.HikariDataSource       : HikariPool-1 - Start completed.
2026-05-14T18:12:43.730+03:00  WARN 18320 --- [           main] org.hibernate.orm.deprecation            : HHH90000025: H2Dialect does not need to be specified explicitly using 'hibernate.dialect' (remove the property setting and it will be selected by default)
2026-05-14T18:12:43.757+03:00  INFO 18320 --- [           main] org.hibernate.orm.connections.pooling    : HHH10001005: Database info:
	Database JDBC URL [Connecting through datasource 'HikariDataSource (HikariPool-1)']
	Database driver: undefined/unknown
	Database version: 2.3.232
	Autocommit mode: undefined/unknown
	Isolation level: undefined/unknown
	Minimum pool size: undefined/unknown
	Maximum pool size: undefined/unknown
2026-05-14T18:12:44.813+03:00  INFO 18320 --- [           main] o.h.e.t.j.p.i.JtaPlatformInitiator       : HHH000489: No JTA platform available (set 'hibernate.transaction.jta.platform' to enable JTA platform integration)
2026-05-14T18:12:44.876+03:00  INFO 18320 --- [           main] j.LocalContainerEntityManagerFactoryBean : Initialized JPA EntityManagerFactory for persistence unit 'default'
2026-05-14T18:12:45.551+03:00  WARN 18320 --- [           main] JpaBaseConfiguration$JpaWebConfiguration : spring.jpa.open-in-view is enabled by default. Therefore, database queries may be performed during view rendering. Explicitly configure spring.jpa.open-in-view to disable this warning
2026-05-14T18:12:45.891+03:00  INFO 18320 --- [           main] r$InitializeUserDetailsManagerConfigurer : Global AuthenticationManager configured with UserDetailsService bean with name jpaUserDetailsService
2026-05-14T18:12:46.478+03:00  INFO 18320 --- [           main] o.s.b.a.h2.H2ConsoleAutoConfiguration    : H2 console available at '/h2-console'. Database available at 'jdbc:h2:file:./data/finsight-db'
2026-05-14T18:12:46.591+03:00  INFO 18320 --- [           main] o.s.b.t.m.w.SpringBootMockServletContext : Initializing Spring TestDispatcherServlet ''
2026-05-14T18:12:46.591+03:00  INFO 18320 --- [           main] o.s.t.web.servlet.TestDispatcherServlet  : Initializing Servlet ''
2026-05-14T18:12:46.592+03:00  INFO 18320 --- [           main] o.s.t.web.servlet.TestDispatcherServlet  : Completed initialization in 1 ms
2026-05-14T18:12:46.626+03:00  INFO 18320 --- [           main] c.f.w.c.SecurityConfigurationTest        : Started SecurityConfigurationTest in 6.426 seconds (process running for 7.601)
2026-05-14T18:12:46.630+03:00  WARN 18320 --- [           main] o.s.core.events.SpringDocAppInitializer  : SpringDoc /v3/api-docs endpoint is enabled by default. To disable it in production, set the property 'springdoc.api-docs.enabled=false'
2026-05-14T18:12:46.630+03:00  WARN 18320 --- [           main] o.s.core.events.SpringDocAppInitializer  : SpringDoc /swagger-ui.html endpoint is enabled by default. To disable it in production, set the property 'springdoc.swagger-ui.enabled=false'
Hibernate: select u1_0.id,u1_0.created_at,u1_0.email,u1_0.email_confirmed,u1_0.password_hash,u1_0.updated_at from users u1_0
Hibernate: insert into users (created_at,email,email_confirmed,password_hash,updated_at,id) values (?,?,?,?,?,?)
Authorization header: Bearer eyJhbGciOiJIUzUxMiJ9.eyJzdWIiOiJ1c2VyQGV4YW1wbGUuY29tIiwiaWF0IjoxNzc4NzcxNTY3LCJleHAiOjE3Nzg3NzUxNjd9.lDEVh2p60QLub4ANdCJBG2n8ezxOofcv8WA9wUEm6DMOcDzEb4QY9FcVW05gd7pQj3c5eiqGG0-1neh9EMZ3Dg
JWT token: eyJhbGciOiJIUzUxMiJ9.eyJzdWIiOiJ1c2VyQGV4YW1wbGUuY29tIiwiaWF0IjoxNzc4NzcxNTY3LCJleHAiOjE3Nzg3NzUxNjd9.lDEVh2p60QLub4ANdCJBG2n8ezxOofcv8WA9wUEm6DMOcDzEb4QY9FcVW05gd7pQj3c5eiqGG0-1neh9EMZ3Dg
Extracted email: user@example.com
Hibernate: select u1_0.id,u1_0.created_at,u1_0.email,u1_0.email_confirmed,u1_0.password_hash,u1_0.updated_at from users u1_0 where u1_0.email=?
Loaded user: user@example.com
Token valid: true
Authentication SUCCESS
]]></system-out>
    <system-err><![CDATA[Mockito is currently self-attaching to enable the inline-mock-maker. This will no longer work in future releases of the JDK. Please add Mockito as an agent to your build as described in Mockito's documentation: https://javadoc.io/doc/org.mockito/mockito-core/latest/org.mockito/org/mockito/Mockito.html#0.3
WARNING: A Java agent has been loaded dynamically (C:\Users\ifunt\.m2\repository\net\bytebuddy\byte-buddy-agent\1.17.8\byte-buddy-agent-1.17.8.jar)
WARNING: If a serviceability tool is in use, please run with -XX:+EnableDynamicAgentLoading to hide this warning
WARNING: If a serviceability tool is not in use, please run with -Djdk.instrument.traceUsage for more information
WARNING: Dynamic loading of agents will be disallowed by default in a future release
]]></system-err>
  </testcase>
  <testcase name="publicLoginEndpointIsAccessibleWithoutToken" classname="com.finsightai.web.configuration.SecurityConfigurationTest" time="0.117">
    <system-out><![CDATA[Hibernate: select u1_0.id,u1_0.created_at,u1_0.email,u1_0.email_confirmed,u1_0.password_hash,u1_0.updated_at from users u1_0
Hibernate: delete from users where id=?
Authorization header: null
]]></system-out>
  </testcase>
  <testcase name="protectedEndpointRejectsRequestWithInvalidToken" classname="com.finsightai.web.configuration.SecurityConfigurationTest" time="0.009">
    <system-out><![CDATA[Hibernate: select u1_0.id,u1_0.created_at,u1_0.email,u1_0.email_confirmed,u1_0.password_hash,u1_0.updated_at from users u1_0
Authorization header: Bearer invalid-token
JWT token: invalid-token
]]></system-out>
  </testcase>
  <testcase name="protectedEndpointRejectsRequestWithoutToken" classname="com.finsightai.web.configuration.SecurityConfigurationTest" time="0.008">
    <system-out><![CDATA[Hibernate: select u1_0.id,u1_0.created_at,u1_0.email,u1_0.email_confirmed,u1_0.password_hash,u1_0.updated_at from users u1_0
Authorization header: null
]]></system-out>
  </testcase>
</testsuite>